# JRE version: Java(TM) SE Runtime Environment (8.0_45-b14) (build 1.8.0_45-b14)
# Java VM: Java HotSpot(TM) 64-Bit Server VM (25.45-b02 mixed mode linux-amd64 compressed oops)
Heap:
 PSYoungGen      total 223232K, used 56527K [0x000000076d000000, 0x000000077e580000, 0x00000007c0000000)
  eden space 222720K, 25% used [0x000000076d000000,0x0000000770733fc0,0x000000077a980000)
  from space 512K, 0% used [0x000000077a980000,0x000000077a980000,0x000000077aa00000)
  to   space 30720K, 0% used [0x000000077c780000,0x000000077c780000,0x000000077e580000)
 ParOldGen       total 338432K, used 67522K [0x00000006c7000000, 0x00000006dba80000, 0x000000076d000000)
  object space 338432K, 19% used [0x00000006c7000000,0x00000006cb1f09d8,0x00000006dba80000)
 Metaspace       used 94339K, capacity 102332K, committed 102616K, reserved 1136640K
  class space    used 13412K, capacity 15978K, committed 16088K, reserved 1048576K
GC Heap History (10 events):
Event: 795,587 GC heap before
{Heap before GC invocations=35 (full 16):
 PSYoungGen      total 223232K, used 96K [0x000000076d000000, 0x000000077eb80000, 0x00000007c0000000)
  eden space 222720K, 0% used [0x000000076d000000,0x000000076d000000,0x000000077a980000)
  from space 512K, 18% used [0x000000077a980000,0x000000077a998000,0x000000077aa00000)
  to   space 33792K, 0% used [0x000000077ca80000,0x000000077ca80000,0x000000077eb80000)
 ParOldGen       total 338432K, used 67363K [0x00000006c7000000, 0x00000006dba80000, 0x000000076d000000)
  object space 338432K, 19% used [0x00000006c7000000,0x00000006cb1c8c88,0x00000006dba80000)
 Metaspace       used 89770K, capacity 97430K, committed 97624K, reserved 1132544K
  class space    used 12907K, capacity 15356K, committed 15448K, reserved 1048576K
Event: 795,651 GC heap after
Heap after GC invocations=35 (full 16):
 PSYoungGen      total 223232K, used 0K [0x000000076d000000, 0x000000077eb80000, 0x00000007c0000000)
  eden space 222720K, 0% used [0x000000076d000000,0x000000076d000000,0x000000077a980000)
  from space 512K, 0% used [0x000000077a980000,0x000000077a980000,0x000000077aa00000)
  to   space 33792K, 0% used [0x000000077ca80000,0x000000077ca80000,0x000000077eb80000)
 ParOldGen       total 338432K, used 67363K [0x00000006c7000000, 0x00000006dba80000, 0x000000076d000000)
  object space 338432K, 19% used [0x00000006c7000000,0x00000006cb1c8c88,0x00000006dba80000)
 Metaspace       used 89770K, capacity 97430K, committed 97624K, reserved 1132544K
  class space    used 12907K, capacity 15356K, committed 15448K, reserved 1048576K
}
Event: 855,577 GC heap before
{Heap before GC invocations=36 (full 16):
 PSYoungGen      total 223232K, used 5613K [0x000000076d000000, 0x000000077eb80000, 0x00000007c0000000)
  eden space 222720K, 2% used [0x000000076d000000,0x000000076d57b6b8,0x000000077a980000)
  from space 512K, 0% used [0x000000077a980000,0x000000077a980000,0x000000077aa00000)
  to   space 33792K, 0% used [0x000000077ca80000,0x000000077ca80000,0x000000077eb80000)
 ParOldGen       total 338432K, used 67363K [0x00000006c7000000, 0x00000006dba80000, 0x000000076d000000)
  object space 338432K, 19% used [0x00000006c7000000,0x00000006cb1c8c88,0x00000006dba80000)
 Metaspace       used 89771K, capacity 97430K, committed 97624K, reserved 1132544K
  class space    used 12907K, capacity 15356K, committed 15448K, reserved 1048576K
Event: 855,585 GC heap after
Heap after GC invocations=36 (full 16):
 PSYoungGen      total 253440K, used 64K [0x000000076d000000, 0x000000077e880000, 0x00000007c0000000)
  eden space 222720K, 0% used [0x000000076d000000,0x000000076d000000,0x000000077a980000)
  from space 30720K, 0% used [0x000000077ca80000,0x000000077ca90000,0x000000077e880000)
  to   space 32256K, 0% used [0x000000077a980000,0x000000077a980000,0x000000077c900000)
 ParOldGen       total 338432K, used 67363K [0x00000006c7000000, 0x00000006dba80000, 0x000000076d000000)
  object space 338432K, 19% used [0x00000006c7000000,0x00000006cb1c8c88,0x00000006dba80000)
 Metaspace       used 89771K, capacity 97430K, committed 97624K, reserved 1132544K
  class space    used 12907K, capacity 15356K, committed 15448K, reserved 1048576K
}
Event: 855,585 GC heap before
{Heap before GC invocations=37 (full 17):
 PSYoungGen      total 253440K, used 64K [0x000000076d000000, 0x000000077e880000, 0x00000007c0000000)
  eden space 222720K, 0% used [0x000000076d000000,0x000000076d000000,0x000000077a980000)
  from space 30720K, 0% used [0x000000077ca80000,0x000000077ca90000,0x000000077e880000)
  to   space 32256K, 0% used [0x000000077a980000,0x000000077a980000,0x000000077c900000)
 ParOldGen       total 338432K, used 67363K [0x00000006c7000000, 0x00000006dba80000, 0x000000076d000000)
  object space 338432K, 19% used [0x00000006c7000000,0x00000006cb1c8c88,0x00000006dba80000)
 Metaspace       used 89771K, capacity 97430K, committed 97624K, reserved 1132544K
  class space    used 12907K, capacity 15356K, committed 15448K, reserved 1048576K
Event: 855,648 GC heap after
Heap after GC invocations=37 (full 17):
 PSYoungGen      total 253440K, used 0K [0x000000076d000000, 0x000000077e880000, 0x00000007c0000000)
  eden space 222720K, 0% used [0x000000076d000000,0x000000076d000000,0x000000077a980000)
  from space 30720K, 0% used [0x000000077ca80000,0x000000077ca80000,0x000000077e880000)
  to   space 32256K, 0% used [0x000000077a980000,0x000000077a980000,0x000000077c900000)
 ParOldGen       total 338432K, used 67363K [0x00000006c7000000, 0x00000006dba80000, 0x000000076d000000)
  object space 338432K, 19% used [0x00000006c7000000,0x00000006cb1c8c88,0x00000006dba80000)
 Metaspace       used 89771K, capacity 97430K, committed 97624K, reserved 1132544K
  class space    used 12907K, capacity 15356K, committed 15448K, reserved 1048576K
}
Event: 915,577 GC heap before
{Heap before GC invocations=38 (full 17):
 PSYoungGen      total 253440K, used 11725K [0x000000076d000000, 0x000000077e880000, 0x00000007c0000000)
  eden space 222720K, 5% used [0x000000076d000000,0x000000076db735b8,0x000000077a980000)
  from space 30720K, 0% used [0x000000077ca80000,0x000000077ca80000,0x000000077e880000)
  to   space 32256K, 0% used [0x000000077a980000,0x000000077a980000,0x000000077c900000)
 ParOldGen       total 338432K, used 67363K [0x00000006c7000000, 0x00000006dba80000, 0x000000076d000000)
  object space 338432K, 19% used [0x00000006c7000000,0x00000006cb1c8c88,0x00000006dba80000)
 Metaspace       used 89788K, capacity 97430K, committed 97624K, reserved 1132544K
  class space    used 12907K, capacity 15356K, committed 15448K, reserved 1048576K
Event: 915,581 GC heap after
Heap after GC invocations=38 (full 17):
 PSYoungGen      total 223232K, used 480K [0x000000076d000000, 0x000000077e580000, 0x00000007c0000000)
  eden space 222720K, 0% used [0x000000076d000000,0x000000076d000000,0x000000077a980000)
  from space 512K, 93% used [0x000000077a980000,0x000000077a9f8000,0x000000077aa00000)
  to   space 30720K, 0% used [0x000000077c780000,0x000000077c780000,0x000000077e580000)
 ParOldGen       total 338432K, used 67371K [0x00000006c7000000, 0x00000006dba80000, 0x000000076d000000)
  object space 338432K, 19% used [0x00000006c7000000,0x00000006cb1cac88,0x00000006dba80000)
 Metaspace       used 89788K, capacity 97430K, committed 97624K, reserved 1132544K
  class space    used 12907K, capacity 15356K, committed 15448K, reserved 1048576K
}
Event: 915,581 GC heap before
{Heap before GC invocations=39 (full 18):
 PSYoungGen      total 223232K, used 480K [0x000000076d000000, 0x000000077e580000, 0x00000007c0000000)
  eden space 222720K, 0% used [0x000000076d000000,0x000000076d000000,0x000000077a980000)
  from space 512K, 93% used [0x000000077a980000,0x000000077a9f8000,0x000000077aa00000)
  to   space 30720K, 0% used [0x000000077c780000,0x000000077c780000,0x000000077e580000)
 ParOldGen       total 338432K, used 67371K [0x00000006c7000000, 0x00000006dba80000, 0x000000076d000000)
  object space 338432K, 19% used [0x00000006c7000000,0x00000006cb1cac88,0x00000006dba80000)
 Metaspace       used 89788K, capacity 97430K, committed 97624K, reserved 1132544K
  class space    used 12907K, capacity 15356K, committed 15448K, reserved 1048576K
Event: 915,661 GC heap after
Heap after GC invocations=39 (full 18):
 PSYoungGen      total 223232K, used 0K [0x000000076d000000, 0x000000077e580000, 0x00000007c0000000)
  eden space 222720K, 0% used [0x000000076d000000,0x000000076d000000,0x000000077a980000)
  from space 512K, 0% used [0x000000077a980000,0x000000077a980000,0x000000077aa00000)
  to   space 30720K, 0% used [0x000000077c780000,0x000000077c780000,0x000000077e580000)
 ParOldGen       total 338432K, used 67522K [0x00000006c7000000, 0x00000006dba80000, 0x000000076d000000)
  object space 338432K, 19% used [0x00000006c7000000,0x00000006cb1f09d8,0x00000006dba80000)
 Metaspace       used 89788K, capacity 97430K, committed 97624K, reserved 1132544K
  class space    used 12907K, capacity 15356K, committed 15448K, reserved 1048576K
}

